<?xml version="1.0" encoding="UTF-8"?>
<!-- Generated by org.testng.reporters.JUnitReportReporter -->
<testsuite skipped="0" hostname="KHUSHAL" name="com.topscorer.testcases.RegistrationModule" tests="1" failures="0" timestamp="17 Apr 2019 08:26:06 GMT" time="44.488" errors="0">
  <testcase name="TC01_To_verify_student_registrationusing_SignUP_functionality" time="44.488" classname="com.topscorer.testcases.RegistrationModule"/>
</testsuite> <!-- com.topscorer.testcases.RegistrationModule -->
